{"C:\\Users\\Andrew\\Desktop\\lambda\\bw4\\back-end\\server.js": {"path":"C:\\Users\\Andrew\\Desktop\\lambda\\bw4\\back-end\\server.js","statementMap":{"0":{"start":{"line":1,"column":16},"end":{"line":1,"column":34}},"1":{"start":{"line":2,"column":15},"end":{"line":2,"column":32}},"2":{"start":{"line":3,"column":13},"end":{"line":3,"column":28}},"3":{"start":{"line":4,"column":19},"end":{"line":4,"column":47}},"4":{"start":{"line":6,"column":13},"end":{"line":6,"column":42}},"5":{"start":{"line":7,"column":14},"end":{"line":7,"column":45}},"6":{"start":{"line":9,"column":15},"end":{"line":9,"column":24}},"7":{"start":{"line":11,"column":0},"end":{"line":11,"column":20}},"8":{"start":{"line":12,"column":0},"end":{"line":12,"column":18}},"9":{"start":{"line":13,"column":0},"end":{"line":13,"column":26}},"10":{"start":{"line":15,"column":0},"end":{"line":15,"column":30}},"11":{"start":{"line":16,"column":0},"end":{"line":16,"column":43}},"12":{"start":{"line":18,"column":0},"end":{"line":18,"column":23}}},"fnMap":{},"branchMap":{},"s":{"0":2,"1":2,"2":2,"3":2,"4":2,"5":2,"6":2,"7":2,"8":2,"9":2,"10":2,"11":2,"12":2},"f":{},"b":{},"_coverageSchema":"1a1c01bbd47fc00a2c39e90264f33305004495a9","hash":"6edef00c5d34b62ca96038aea85496a10882d29c"}
,"C:\\Users\\Andrew\\Desktop\\lambda\\bw4\\back-end\\data\\dbConfig.js": {"path":"C:\\Users\\Andrew\\Desktop\\lambda\\bw4\\back-end\\data\\dbConfig.js","statementMap":{"0":{"start":{"line":1,"column":13},"end":{"line":1,"column":28}},"1":{"start":{"line":3,"column":15},"end":{"line":3,"column":37}},"2":{"start":{"line":5,"column":20},"end":{"line":5,"column":55}},"3":{"start":{"line":7,"column":0},"end":{"line":7,"column":42}}},"fnMap":{},"branchMap":{"0":{"loc":{"start":{"line":5,"column":20},"end":{"line":5,"column":55}},"type":"binary-expr","locations":[{"start":{"line":5,"column":20},"end":{"line":5,"column":38}},{"start":{"line":5,"column":42},"end":{"line":5,"column":55}}],"line":5}},"s":{"0":2,"1":2,"2":2,"3":2},"f":{},"b":{"0":[2,0]},"_coverageSchema":"1a1c01bbd47fc00a2c39e90264f33305004495a9","hash":"65ce3582ad75796f1590550ad403a873a92db216"}
,"C:\\Users\\Andrew\\Desktop\\lambda\\bw4\\back-end\\songs\\songs-router.js": {"path":"C:\\Users\\Andrew\\Desktop\\lambda\\bw4\\back-end\\songs\\songs-router.js","statementMap":{"0":{"start":{"line":1,"column":15},"end":{"line":1,"column":42}},"1":{"start":{"line":2,"column":14},"end":{"line":2,"column":38}},"2":{"start":{"line":3,"column":14},"end":{"line":3,"column":43}},"3":{"start":{"line":4,"column":14},"end":{"line":4,"column":30}},"4":{"start":{"line":6,"column":0},"end":{"line":15,"column":2}},"5":{"start":{"line":7,"column":4},"end":{"line":14,"column":6}},"6":{"start":{"line":10,"column":8},"end":{"line":10,"column":43}},"7":{"start":{"line":13,"column":8},"end":{"line":13,"column":49}},"8":{"start":{"line":26,"column":0},"end":{"line":34,"column":2}},"9":{"start":{"line":27,"column":4},"end":{"line":33,"column":6}},"10":{"start":{"line":29,"column":8},"end":{"line":29,"column":35}},"11":{"start":{"line":32,"column":8},"end":{"line":32,"column":49}},"12":{"start":{"line":36,"column":0},"end":{"line":48,"column":2}},"13":{"start":{"line":37,"column":15},"end":{"line":37,"column":28}},"14":{"start":{"line":38,"column":4},"end":{"line":47,"column":6}},"15":{"start":{"line":40,"column":8},"end":{"line":43,"column":10}},"16":{"start":{"line":42,"column":12},"end":{"line":42,"column":39}},"17":{"start":{"line":46,"column":8},"end":{"line":46,"column":49}},"18":{"start":{"line":50,"column":0},"end":{"line":58,"column":2}},"19":{"start":{"line":51,"column":4},"end":{"line":57,"column":6}},"20":{"start":{"line":53,"column":8},"end":{"line":53,"column":34}},"21":{"start":{"line":56,"column":8},"end":{"line":56,"column":49}},"22":{"start":{"line":62,"column":0},"end":{"line":71,"column":2}},"23":{"start":{"line":64,"column":4},"end":{"line":70,"column":6}},"24":{"start":{"line":66,"column":8},"end":{"line":66,"column":41}},"25":{"start":{"line":69,"column":8},"end":{"line":69,"column":49}},"26":{"start":{"line":85,"column":0},"end":{"line":98,"column":2}},"27":{"start":{"line":86,"column":15},"end":{"line":86,"column":28}},"28":{"start":{"line":87,"column":4},"end":{"line":97,"column":6}},"29":{"start":{"line":89,"column":8},"end":{"line":93,"column":9}},"30":{"start":{"line":90,"column":12},"end":{"line":90,"column":74}},"31":{"start":{"line":92,"column":12},"end":{"line":92,"column":56}},"32":{"start":{"line":96,"column":8},"end":{"line":96,"column":49}},"33":{"start":{"line":101,"column":0},"end":{"line":101,"column":23}}},"fnMap":{"0":{"name":"(anonymous_0)","decl":{"start":{"line":6,"column":16},"end":{"line":6,"column":17}},"loc":{"start":{"line":6,"column":30},"end":{"line":15,"column":1}},"line":6},"1":{"name":"(anonymous_1)","decl":{"start":{"line":8,"column":10},"end":{"line":8,"column":11}},"loc":{"start":{"line":8,"column":22},"end":{"line":11,"column":5}},"line":8},"2":{"name":"(anonymous_2)","decl":{"start":{"line":12,"column":11},"end":{"line":12,"column":12}},"loc":{"start":{"line":12,"column":16},"end":{"line":14,"column":5}},"line":12},"3":{"name":"(anonymous_3)","decl":{"start":{"line":26,"column":21},"end":{"line":26,"column":22}},"loc":{"start":{"line":26,"column":35},"end":{"line":34,"column":1}},"line":26},"4":{"name":"(anonymous_4)","decl":{"start":{"line":28,"column":10},"end":{"line":28,"column":11}},"loc":{"start":{"line":28,"column":19},"end":{"line":30,"column":5}},"line":28},"5":{"name":"(anonymous_5)","decl":{"start":{"line":31,"column":11},"end":{"line":31,"column":12}},"loc":{"start":{"line":31,"column":16},"end":{"line":33,"column":5}},"line":31},"6":{"name":"(anonymous_6)","decl":{"start":{"line":36,"column":24},"end":{"line":36,"column":25}},"loc":{"start":{"line":36,"column":38},"end":{"line":48,"column":1}},"line":36},"7":{"name":"(anonymous_7)","decl":{"start":{"line":39,"column":10},"end":{"line":39,"column":11}},"loc":{"start":{"line":39,"column":18},"end":{"line":44,"column":5}},"line":39},"8":{"name":"(anonymous_8)","decl":{"start":{"line":41,"column":14},"end":{"line":41,"column":15}},"loc":{"start":{"line":41,"column":23},"end":{"line":43,"column":9}},"line":41},"9":{"name":"(anonymous_9)","decl":{"start":{"line":45,"column":11},"end":{"line":45,"column":12}},"loc":{"start":{"line":45,"column":16},"end":{"line":47,"column":5}},"line":45},"10":{"name":"(anonymous_10)","decl":{"start":{"line":50,"column":17},"end":{"line":50,"column":18}},"loc":{"start":{"line":50,"column":31},"end":{"line":58,"column":1}},"line":50},"11":{"name":"(anonymous_11)","decl":{"start":{"line":52,"column":10},"end":{"line":52,"column":11}},"loc":{"start":{"line":52,"column":18},"end":{"line":54,"column":5}},"line":52},"12":{"name":"(anonymous_12)","decl":{"start":{"line":55,"column":11},"end":{"line":55,"column":12}},"loc":{"start":{"line":55,"column":16},"end":{"line":57,"column":5}},"line":55},"13":{"name":"(anonymous_13)","decl":{"start":{"line":62,"column":25},"end":{"line":62,"column":26}},"loc":{"start":{"line":62,"column":39},"end":{"line":71,"column":1}},"line":62},"14":{"name":"(anonymous_14)","decl":{"start":{"line":65,"column":10},"end":{"line":65,"column":11}},"loc":{"start":{"line":65,"column":18},"end":{"line":67,"column":5}},"line":65},"15":{"name":"(anonymous_15)","decl":{"start":{"line":68,"column":11},"end":{"line":68,"column":12}},"loc":{"start":{"line":68,"column":16},"end":{"line":70,"column":5}},"line":68},"16":{"name":"(anonymous_16)","decl":{"start":{"line":85,"column":22},"end":{"line":85,"column":23}},"loc":{"start":{"line":85,"column":36},"end":{"line":98,"column":1}},"line":85},"17":{"name":"(anonymous_17)","decl":{"start":{"line":88,"column":10},"end":{"line":88,"column":11}},"loc":{"start":{"line":88,"column":18},"end":{"line":94,"column":5}},"line":88},"18":{"name":"(anonymous_18)","decl":{"start":{"line":95,"column":11},"end":{"line":95,"column":12}},"loc":{"start":{"line":95,"column":16},"end":{"line":97,"column":5}},"line":95}},"branchMap":{"0":{"loc":{"start":{"line":89,"column":8},"end":{"line":93,"column":9}},"type":"if","locations":[{"start":{"line":89,"column":8},"end":{"line":93,"column":9}},{"start":{"line":89,"column":8},"end":{"line":93,"column":9}}],"line":89}},"s":{"0":2,"1":2,"2":2,"3":2,"4":2,"5":1,"6":1,"7":0,"8":2,"9":0,"10":0,"11":0,"12":2,"13":0,"14":0,"15":0,"16":0,"17":0,"18":2,"19":0,"20":0,"21":0,"22":2,"23":0,"24":0,"25":0,"26":2,"27":0,"28":0,"29":0,"30":0,"31":0,"32":0,"33":2},"f":{"0":1,"1":1,"2":0,"3":0,"4":0,"5":0,"6":0,"7":0,"8":0,"9":0,"10":0,"11":0,"12":0,"13":0,"14":0,"15":0,"16":0,"17":0,"18":0},"b":{"0":[0,0]},"_coverageSchema":"1a1c01bbd47fc00a2c39e90264f33305004495a9","hash":"87d5747fd4191045ced637c489d7e3af42e261ff"}
}
