TN:
SF:auth\auth-router.js
FN:7,isValid
FN:11,(anonymous_1)
FN:16,(anonymous_2)
FN:19,(anonymous_3)
FN:27,(anonymous_4)
FN:32,(anonymous_5)
FN:40,(anonymous_6)
FN:48,(anonymous_7)
FN:52,(anonymous_8)
FN:55,(anonymous_9)
FN:60,(anonymous_10)
FN:62,(anonymous_11)
FN:65,(anonymous_12)
FN:70,(anonymous_13)
FN:73,(anonymous_14)
FN:76,(anonymous_15)
FN:81,generateToken
FNF:17
FNH:8
FNDA:5,isValid
FNDA:5,(anonymous_1)
FNDA:5,(anonymous_2)
FNDA:0,(anonymous_3)
FNDA:3,(anonymous_4)
FNDA:3,(anonymous_5)
FNDA:0,(anonymous_6)
FNDA:0,(anonymous_7)
FNDA:0,(anonymous_8)
FNDA:0,(anonymous_9)
FNDA:1,(anonymous_10)
FNDA:1,(anonymous_11)
FNDA:0,(anonymous_12)
FNDA:0,(anonymous_13)
FNDA:0,(anonymous_14)
FNDA:0,(anonymous_15)
FNDA:3,generateToken
DA:1,2
DA:2,2
DA:3,2
DA:4,2
DA:5,2
DA:8,5
DA:11,2
DA:12,5
DA:14,5
DA:15,5
DA:17,5
DA:20,0
DA:23,0
DA:27,2
DA:28,3
DA:30,3
DA:31,3
DA:33,3
DA:34,3
DA:35,3
DA:37,0
DA:41,0
DA:44,0
DA:48,2
DA:49,0
DA:50,0
DA:51,0
DA:53,0
DA:56,0
DA:60,2
DA:61,1
DA:63,1
DA:66,0
DA:70,2
DA:71,0
DA:72,0
DA:74,0
DA:77,0
DA:82,3
DA:86,3
DA:89,3
DA:92,2
LF:42
LH:27
BRDA:8,0,0,5
BRDA:8,0,1,5
BRDA:8,0,2,5
BRDA:14,1,0,5
BRDA:14,1,1,0
BRDA:30,2,0,3
BRDA:30,2,1,0
BRDA:33,3,0,3
BRDA:33,3,1,0
BRDA:33,4,0,3
BRDA:33,4,1,3
BRDA:89,5,0,3
BRDA:89,5,1,3
BRF:13
BRH:10
end_of_record
