TN:
SF:knexfile.js
FNF:0
FNH:0
DA:3,1
LF:1
LH:1
BRF:0
BRH:0
end_of_record
TN:
SF:server.js
FNF:0
FNH:0
DA:1,1
DA:3,1
DA:5,1
DA:7,1
DA:9,1
DA:11,1
LF:6
LH:6
BRF:0
BRH:0
end_of_record
TN:
SF:auth\auth-model.js
FN:10,find
FN:14,findById
FN:18,findByFilter
FN:22,add
FNF:4
FNH:4
FNDA:1,find
FNDA:4,findById
FNDA:2,findByFilter
FNDA:4,add
DA:1,1
DA:3,1
DA:11,1
DA:15,4
DA:19,2
DA:23,4
DA:24,4
DA:25,4
DA:27,0
LF:9
LH:8
BRF:0
BRH:0
end_of_record
TN:
SF:auth\auth-router.js
FN:7,isValid
FN:11,(anonymous_1)
FN:16,(anonymous_2)
FN:19,(anonymous_3)
FN:27,(anonymous_4)
FN:32,(anonymous_5)
FN:40,(anonymous_6)
FN:48,(anonymous_7)
FN:50,(anonymous_8)
FN:53,(anonymous_9)
FN:58,generateToken
FNF:11
FNH:8
FNDA:4,isValid
FNDA:4,(anonymous_1)
FNDA:4,(anonymous_2)
FNDA:0,(anonymous_3)
FNDA:2,(anonymous_4)
FNDA:2,(anonymous_5)
FNDA:0,(anonymous_6)
FNDA:1,(anonymous_7)
FNDA:1,(anonymous_8)
FNDA:0,(anonymous_9)
FNDA:2,generateToken
DA:1,1
DA:2,1
DA:3,1
DA:4,1
DA:5,1
DA:8,4
DA:11,1
DA:12,4
DA:14,4
DA:15,4
DA:17,4
DA:20,0
DA:23,0
DA:27,1
DA:28,2
DA:30,2
DA:31,2
DA:33,2
DA:34,2
DA:35,2
DA:37,0
DA:41,0
DA:44,0
DA:48,1
DA:49,1
DA:51,1
DA:54,0
DA:59,2
DA:63,2
DA:66,2
DA:69,1
LF:31
LH:25
BRDA:8,0,0,4
BRDA:8,0,1,4
BRDA:8,0,2,4
BRDA:14,1,0,4
BRDA:14,1,1,0
BRDA:30,2,0,2
BRDA:30,2,1,0
BRDA:33,3,0,2
BRDA:33,3,1,0
BRDA:33,4,0,2
BRDA:33,4,1,2
BRDA:66,5,0,2
BRDA:66,5,1,2
BRF:13
BRH:10
end_of_record
TN:
SF:auth\middleware.js
FN:3,(anonymous_0)
FN:9,(anonymous_1)
FNF:2
FNH:2
FNDA:1,(anonymous_0)
FNDA:1,(anonymous_1)
DA:1,1
DA:3,1
DA:4,1
DA:6,1
DA:7,1
DA:9,1
DA:10,1
DA:11,0
DA:13,1
DA:14,1
DA:18,0
LF:11
LH:9
BRDA:6,0,0,1
BRDA:6,0,1,0
BRDA:7,1,0,1
BRDA:7,1,1,1
BRDA:10,2,0,0
BRDA:10,2,1,1
BRF:6
BRH:4
end_of_record
TN:
SF:data\dbConfig.js
FNF:0
FNH:0
DA:1,1
DA:3,1
DA:5,1
LF:3
LH:3
BRF:0
BRH:0
end_of_record
TN:
SF:data\migrations\20200522175332_users.js
FN:1,(anonymous_0)
FN:2,(anonymous_1)
FN:16,(anonymous_2)
FNF:3
FNH:3
FNDA:4,(anonymous_0)
FNDA:4,(anonymous_1)
FNDA:4,(anonymous_2)
DA:1,1
DA:2,4
DA:3,4
DA:5,4
DA:10,4
DA:16,1
DA:17,4
LF:7
LH:7
BRF:0
BRH:0
end_of_record
TN:
SF:data\seeds\00-cleaner.js
FN:3,cleanTables
FN:10,(anonymous_1)
FN:13,(anonymous_2)
FN:15,(anonymous_3)
FNF:4
FNH:4
FNDA:4,cleanTables
FNDA:4,(anonymous_1)
FNDA:4,(anonymous_2)
FNDA:4,(anonymous_3)
DA:1,1
DA:4,4
DA:10,4
DA:13,1
DA:14,4
DA:15,4
DA:17,0
LF:7
LH:6
BRDA:14,0,0,4
BRDA:14,0,1,0
BRF:2
BRH:1
end_of_record
TN:
SF:data\seeds\01-users.js
FN:2,(anonymous_0)
FN:5,(anonymous_1)
FNF:2
FNH:2
FNDA:4,(anonymous_0)
FNDA:4,(anonymous_1)
DA:2,1
DA:4,4
DA:7,4
LF:3
LH:3
BRF:0
BRH:0
end_of_record
